Arguments: 
  /usr/local/bin/node /usr/local/Cellar/yarn/1.22.10/libexec/bin/yarn.js

PATH: 
  /Users/tonyvoon/.rvm/gems/ruby-2.7.0/bin:/Users/tonyvoon/.rvm/gems/ruby-2.7.0@global/bin:/Users/tonyvoon/.rvm/rubies/ruby-2.7.0/bin:/usr/local/sbin:/usr/local/opt/openssl@1.1/bin:/usr/local/bin:/usr/bin:/bin:/usr/sbin:/sbin:/Library/Apple/usr/bin:/Users/tonyvoon/.rvm/bin:/Users/tonyvoon/Library/Android/sdk/tools:/Users/tonyvoon/Library/Android/sdk/platform-tools

Yarn version: 
  1.22.10

Node version: 
  12.19.0

Platform: 
  darwin x64

Trace: 
  Error: getaddrinfo ENOTFOUND github
      at GetAddrInfoReqWrap.onlookup [as oncomplete] (dns.js:66:26)

npm manifest: 
  {
    "main": "node_modules/expo/AppEntry.js",
    "scripts": {
      "start": "expo start",
      "android": "expo start --android",
      "ios": "expo start --ios",
      "web": "expo start --web",
      "eject": "expo eject",
      "release": "expo publish --release-channel $(date '+prod-%Y-%m-%dt%H-%M-%S')"
    },
    "dependencies": {
      "dva-core": "^1.1.0",
      "expo": "^35.0.0",
      "expo-blur": "~8.1.2",
      "expo-constants": "~9.1.1",
      "expo-facebook": "~8.2.1",
      "expo-image-picker": "~8.3.0",
      "expo-location": "~8.2.1",
      "expo-secure-store": "~9.0.1",
      "expokit": "^34.0.2",
      "lodash": "^4.17.15",
      "react": "16.8.3",
      "react-dom": "16.8.3",
      "react-native": "https://github:expo/react-native#sdk-38.0.2",
      "react-native-auto-height-image": "^1.1.1",
      "react-native-confirmation-code-input": "^1.0.4",
      "react-native-countdown-component": "^2.5.2",
      "react-native-datepicker": "^1.7.2",
      "react-native-easy-loading-view": "^1.0.3",
      "react-native-easy-toast": "^1.2.0",
      "react-native-expo-image-cache": "^4.1.0",
      "react-native-fast-image": "^7.0.2",
      "react-native-gesture-handler": "~1.6.0",
      "react-native-hyperlink": "0.0.16",
      "react-native-image-zoom-viewer": "^2.2.26",
      "react-native-loading-spinner-overlay": "^1.0.1",
      "react-native-maps": "~0.27.1",
      "react-native-modal": "^11.3.1",
      "react-native-open-maps": "^0.3.4",
      "react-native-paper": "^2.16.0",
      "react-native-phone-input": "^0.2.2",
      "react-native-progress-hud": "^1.0.4",
      "react-native-qrcode-svg": "^5.2.0",
      "react-native-reanimated": "~1.9.0",
      "react-native-simple-radio-button": "^2.7.3",
      "react-native-snap-carousel": "^3.8.0",
      "react-native-spinkit": "^1.4.1",
      "react-native-svg": "12.1.0",
      "react-native-switch-selector": "^1.1.14",
      "react-native-unimodules": "0.6.0",
      "react-native-webview": "9.4.0",
      "react-navigation": "3.11.1",
      "react-redux": "^5.0.2",
      "react-timer-mixin": "^0.13.4",
      "redux": "3.7.2"
    },
    "devDependencies": {
      "babel-preset-expo": "^7.0.0"
    },
    "private": true
  }

yarn manifest: 
  No manifest

Lockfile: 
  No lockfile
